/remote-home/haohh/anaconda3/envs/vgllm/lib/python3.10/site-packages/pydantic/_internal/_generate_schema.py:2249: UnsupportedFieldAttributeWarning: The 'repr' attribute with value False was provided to the `Field()` function, which has no effect in the context it was used. 'repr' is field-specific metadata, and can only be attached to a model field using `Annotated` metadata or by assignment. This may have happened because an `Annotated` type alias using the `type` statement was used, or if the `Field()` function was attached to a single member of a union type.
  warnings.warn(
/remote-home/haohh/anaconda3/envs/vgllm/lib/python3.10/site-packages/pydantic/_internal/_generate_schema.py:2249: UnsupportedFieldAttributeWarning: The 'frozen' attribute with value True was provided to the `Field()` function, which has no effect in the context it was used. 'frozen' is field-specific metadata, and can only be attached to a model field using `Annotated` metadata or by assignment. This may have happened because an `Annotated` type alias using the `type` statement was used, or if the `Field()` function was attached to a single member of a union type.
  warnings.warn(
The following values were not passed to `accelerate launch` and had defaults used instead:
		More than one GPU was found, enabling multi-GPU training.
		If this was unintended please pass in `--num_processes=1`.
	`--num_machines` was set to a value of `1`
	`--mixed_precision` was set to a value of `'no'`
	`--dynamo_backend` was set to a value of `'no'`
To avoid this warning pass in values for each of the problematic parameters or run `accelerate config`.
Traceback (most recent call last):
  File "/remote-home/haohh/anaconda3/envs/vgllm/lib/python3.10/site-packages/transformers/utils/import_utils.py", line 1968, in _get_module
    return importlib.import_module("." + module_name, self.__name__)
  File "/remote-home/haohh/anaconda3/envs/vgllm/lib/python3.10/importlib/__init__.py", line 126, in import_module
    return _bootstrap._gcd_import(name[level:], package, level)
  File "<frozen importlib._bootstrap>", line 1050, in _gcd_import
  File "<frozen importlib._bootstrap>", line 1027, in _find_and_load
  File "<frozen importlib._bootstrap>", line 1006, in _find_and_load_unlocked
  File "<frozen importlib._bootstrap>", line 688, in _load_unlocked
  File "<frozen importlib._bootstrap_external>", line 883, in exec_module
  File "<frozen importlib._bootstrap>", line 241, in _call_with_frames_removed
  File "/remote-home/haohh/anaconda3/envs/vgllm/lib/python3.10/site-packages/transformers/pipelines/__init__.py", line 49, in <module>
    from .audio_classification import AudioClassificationPipeline
  File "/remote-home/haohh/anaconda3/envs/vgllm/lib/python3.10/site-packages/transformers/pipelines/audio_classification.py", line 21, in <module>
    from .base import Pipeline, build_pipeline_init_args
  File "/remote-home/haohh/anaconda3/envs/vgllm/lib/python3.10/site-packages/transformers/pipelines/base.py", line 69, in <module>
    from ..modeling_utils import PreTrainedModel
  File "/remote-home/haohh/anaconda3/envs/vgllm/lib/python3.10/site-packages/transformers/modeling_utils.py", line 54, in <module>
    from .integrations.flash_attention import flash_attention_forward
  File "/remote-home/haohh/anaconda3/envs/vgllm/lib/python3.10/site-packages/transformers/integrations/flash_attention.py", line 5, in <module>
    from ..modeling_flash_attention_utils import _flash_attention_forward
  File "/remote-home/haohh/anaconda3/envs/vgllm/lib/python3.10/site-packages/transformers/modeling_flash_attention_utils.py", line 29, in <module>
    from flash_attn.bert_padding import index_first_axis, pad_input, unpad_input  # noqa
  File "/remote-home/haohh/anaconda3/envs/vgllm/lib/python3.10/site-packages/flash_attn/__init__.py", line 3, in <module>
    from flash_attn.flash_attn_interface import (
  File "/remote-home/haohh/anaconda3/envs/vgllm/lib/python3.10/site-packages/flash_attn/flash_attn_interface.py", line 15, in <module>
    import flash_attn_2_cuda as flash_attn_gpu
ImportError: /remote-home/haohh/anaconda3/envs/vgllm/lib/python3.10/site-packages/flash_attn_2_cuda.cpython-310-x86_64-linux-gnu.so: undefined symbol: _ZN3c105ErrorC2ENS_14SourceLocationENSt7__cxx1112basic_stringIcSt11char_traitsIcESaIcEEE

The above exception was the direct cause of the following exception:

Traceback (most recent call last):
  File "/remote-home/haohh/anaconda3/envs/vgllm/lib/python3.10/runpy.py", line 196, in _run_module_as_main
    return _run_code(code, main_globals, None,
  File "/remote-home/haohh/anaconda3/envs/vgllm/lib/python3.10/runpy.py", line 86, in _run_code
    exec(code, run_globals)
  File "/remote-home/haohh/_cvpr2025/VG-LLM/src/lmms_eval/__main__.py", line 24, in <module>
    from lmms_eval import evaluator, utils
  File "/remote-home/haohh/_cvpr2025/VG-LLM/src/lmms_eval/evaluator.py", line 21, in <module>
    import lmms_eval.api.metrics
  File "/remote-home/haohh/_cvpr2025/VG-LLM/src/lmms_eval/api/metrics.py", line 13, in <module>
    from lmms_eval.api.registry import register_aggregation, register_metric
  File "/remote-home/haohh/_cvpr2025/VG-LLM/src/lmms_eval/api/registry.py", line 3, in <module>
    import evaluate as hf_evaluate
  File "/remote-home/haohh/anaconda3/envs/vgllm/lib/python3.10/site-packages/evaluate/__init__.py", line 29, in <module>
    from .evaluation_suite import EvaluationSuite
  File "/remote-home/haohh/anaconda3/envs/vgllm/lib/python3.10/site-packages/evaluate/evaluation_suite/__init__.py", line 10, in <module>
    from ..evaluator import evaluator
  File "/remote-home/haohh/anaconda3/envs/vgllm/lib/python3.10/site-packages/evaluate/evaluator/__init__.py", line 27, in <module>
    from .audio_classification import AudioClassificationEvaluator
  File "/remote-home/haohh/anaconda3/envs/vgllm/lib/python3.10/site-packages/evaluate/evaluator/audio_classification.py", line 23, in <module>
    from .base import EVALUATOR_COMPUTE_RETURN_DOCSTRING, EVALUTOR_COMPUTE_START_DOCSTRING, Evaluator
  File "/remote-home/haohh/anaconda3/envs/vgllm/lib/python3.10/site-packages/evaluate/evaluator/base.py", line 34, in <module>
    from transformers import Pipeline, pipeline
  File "<frozen importlib._bootstrap>", line 1075, in _handle_fromlist
  File "/remote-home/haohh/anaconda3/envs/vgllm/lib/python3.10/site-packages/transformers/utils/import_utils.py", line 1956, in __getattr__
    module = self._get_module(self._class_to_module[name])
  File "/remote-home/haohh/anaconda3/envs/vgllm/lib/python3.10/site-packages/transformers/utils/import_utils.py", line 1970, in _get_module
    raise RuntimeError(
RuntimeError: Failed to import transformers.pipelines because of the following error (look up to see its traceback):
/remote-home/haohh/anaconda3/envs/vgllm/lib/python3.10/site-packages/flash_attn_2_cuda.cpython-310-x86_64-linux-gnu.so: undefined symbol: _ZN3c105ErrorC2ENS_14SourceLocationENSt7__cxx1112basic_stringIcSt11char_traitsIcESaIcEEE
Traceback (most recent call last):
  File "/remote-home/haohh/anaconda3/envs/vgllm/lib/python3.10/site-packages/transformers/utils/import_utils.py", line 1968, in _get_module
    return importlib.import_module("." + module_name, self.__name__)
  File "/remote-home/haohh/anaconda3/envs/vgllm/lib/python3.10/importlib/__init__.py", line 126, in import_module
    return _bootstrap._gcd_import(name[level:], package, level)
  File "<frozen importlib._bootstrap>", line 1050, in _gcd_import
  File "<frozen importlib._bootstrap>", line 1027, in _find_and_load
  File "<frozen importlib._bootstrap>", line 1006, in _find_and_load_unlocked
  File "<frozen importlib._bootstrap>", line 688, in _load_unlocked
  File "<frozen importlib._bootstrap_external>", line 883, in exec_module
  File "<frozen importlib._bootstrap>", line 241, in _call_with_frames_removed
  File "/remote-home/haohh/anaconda3/envs/vgllm/lib/python3.10/site-packages/transformers/pipelines/__init__.py", line 49, in <module>
    from .audio_classification import AudioClassificationPipeline
  File "/remote-home/haohh/anaconda3/envs/vgllm/lib/python3.10/site-packages/transformers/pipelines/audio_classification.py", line 21, in <module>
    from .base import Pipeline, build_pipeline_init_args
  File "/remote-home/haohh/anaconda3/envs/vgllm/lib/python3.10/site-packages/transformers/pipelines/base.py", line 69, in <module>
    from ..modeling_utils import PreTrainedModel
  File "/remote-home/haohh/anaconda3/envs/vgllm/lib/python3.10/site-packages/transformers/modeling_utils.py", line 54, in <module>
    from .integrations.flash_attention import flash_attention_forward
  File "/remote-home/haohh/anaconda3/envs/vgllm/lib/python3.10/site-packages/transformers/integrations/flash_attention.py", line 5, in <module>
    from ..modeling_flash_attention_utils import _flash_attention_forward
  File "/remote-home/haohh/anaconda3/envs/vgllm/lib/python3.10/site-packages/transformers/modeling_flash_attention_utils.py", line 29, in <module>
    from flash_attn.bert_padding import index_first_axis, pad_input, unpad_input  # noqa
  File "/remote-home/haohh/anaconda3/envs/vgllm/lib/python3.10/site-packages/flash_attn/__init__.py", line 3, in <module>
    from flash_attn.flash_attn_interface import (
  File "/remote-home/haohh/anaconda3/envs/vgllm/lib/python3.10/site-packages/flash_attn/flash_attn_interface.py", line 15, in <module>
    import flash_attn_2_cuda as flash_attn_gpu
ImportError: /remote-home/haohh/anaconda3/envs/vgllm/lib/python3.10/site-packages/flash_attn_2_cuda.cpython-310-x86_64-linux-gnu.so: undefined symbol: _ZN3c105ErrorC2ENS_14SourceLocationENSt7__cxx1112basic_stringIcSt11char_traitsIcESaIcEEE

The above exception was the direct cause of the following exception:

Traceback (most recent call last):
  File "/remote-home/haohh/anaconda3/envs/vgllm/lib/python3.10/runpy.py", line 196, in _run_module_as_main
    return _run_code(code, main_globals, None,
  File "/remote-home/haohh/anaconda3/envs/vgllm/lib/python3.10/runpy.py", line 86, in _run_code
    exec(code, run_globals)
  File "/remote-home/haohh/_cvpr2025/VG-LLM/src/lmms_eval/__main__.py", line 24, in <module>
    from lmms_eval import evaluator, utils
  File "/remote-home/haohh/_cvpr2025/VG-LLM/src/lmms_eval/evaluator.py", line 21, in <module>
    import lmms_eval.api.metrics
  File "/remote-home/haohh/_cvpr2025/VG-LLM/src/lmms_eval/api/metrics.py", line 13, in <module>
    from lmms_eval.api.registry import register_aggregation, register_metric
  File "/remote-home/haohh/_cvpr2025/VG-LLM/src/lmms_eval/api/registry.py", line 3, in <module>
    import evaluate as hf_evaluate
  File "/remote-home/haohh/anaconda3/envs/vgllm/lib/python3.10/site-packages/evaluate/__init__.py", line 29, in <module>
    from .evaluation_suite import EvaluationSuite
  File "/remote-home/haohh/anaconda3/envs/vgllm/lib/python3.10/site-packages/evaluate/evaluation_suite/__init__.py", line 10, in <module>
    from ..evaluator import evaluator
  File "/remote-home/haohh/anaconda3/envs/vgllm/lib/python3.10/site-packages/evaluate/evaluator/__init__.py", line 27, in <module>
    from .audio_classification import AudioClassificationEvaluator
  File "/remote-home/haohh/anaconda3/envs/vgllm/lib/python3.10/site-packages/evaluate/evaluator/audio_classification.py", line 23, in <module>
    from .base import EVALUATOR_COMPUTE_RETURN_DOCSTRING, EVALUTOR_COMPUTE_START_DOCSTRING, Evaluator
  File "/remote-home/haohh/anaconda3/envs/vgllm/lib/python3.10/site-packages/evaluate/evaluator/base.py", line 34, in <module>
    from transformers import Pipeline, pipeline
  File "<frozen importlib._bootstrap>", line 1075, in _handle_fromlist
  File "/remote-home/haohh/anaconda3/envs/vgllm/lib/python3.10/site-packages/transformers/utils/import_utils.py", line 1956, in __getattr__
    module = self._get_module(self._class_to_module[name])
  File "/remote-home/haohh/anaconda3/envs/vgllm/lib/python3.10/site-packages/transformers/utils/import_utils.py", line 1970, in _get_module
    raise RuntimeError(
RuntimeError: Failed to import transformers.pipelines because of the following error (look up to see its traceback):
/remote-home/haohh/anaconda3/envs/vgllm/lib/python3.10/site-packages/flash_attn_2_cuda.cpython-310-x86_64-linux-gnu.so: undefined symbol: _ZN3c105ErrorC2ENS_14SourceLocationENSt7__cxx1112basic_stringIcSt11char_traitsIcESaIcEEE
Traceback (most recent call last):
  File "/remote-home/haohh/anaconda3/envs/vgllm/lib/python3.10/site-packages/transformers/utils/import_utils.py", line 1968, in _get_module
    return importlib.import_module("." + module_name, self.__name__)
  File "/remote-home/haohh/anaconda3/envs/vgllm/lib/python3.10/importlib/__init__.py", line 126, in import_module
    return _bootstrap._gcd_import(name[level:], package, level)
  File "<frozen importlib._bootstrap>", line 1050, in _gcd_import
  File "<frozen importlib._bootstrap>", line 1027, in _find_and_load
  File "<frozen importlib._bootstrap>", line 1006, in _find_and_load_unlocked
  File "<frozen importlib._bootstrap>", line 688, in _load_unlocked
  File "<frozen importlib._bootstrap_external>", line 883, in exec_module
  File "<frozen importlib._bootstrap>", line 241, in _call_with_frames_removed
  File "/remote-home/haohh/anaconda3/envs/vgllm/lib/python3.10/site-packages/transformers/pipelines/__init__.py", line 49, in <module>
    from .audio_classification import AudioClassificationPipeline
  File "/remote-home/haohh/anaconda3/envs/vgllm/lib/python3.10/site-packages/transformers/pipelines/audio_classification.py", line 21, in <module>
    from .base import Pipeline, build_pipeline_init_args
  File "/remote-home/haohh/anaconda3/envs/vgllm/lib/python3.10/site-packages/transformers/pipelines/base.py", line 69, in <module>
    from ..modeling_utils import PreTrainedModel
  File "/remote-home/haohh/anaconda3/envs/vgllm/lib/python3.10/site-packages/transformers/modeling_utils.py", line 54, in <module>
    from .integrations.flash_attention import flash_attention_forward
  File "/remote-home/haohh/anaconda3/envs/vgllm/lib/python3.10/site-packages/transformers/integrations/flash_attention.py", line 5, in <module>
    from ..modeling_flash_attention_utils import _flash_attention_forward
  File "/remote-home/haohh/anaconda3/envs/vgllm/lib/python3.10/site-packages/transformers/modeling_flash_attention_utils.py", line 29, in <module>
    from flash_attn.bert_padding import index_first_axis, pad_input, unpad_input  # noqa
  File "/remote-home/haohh/anaconda3/envs/vgllm/lib/python3.10/site-packages/flash_attn/__init__.py", line 3, in <module>
    from flash_attn.flash_attn_interface import (
  File "/remote-home/haohh/anaconda3/envs/vgllm/lib/python3.10/site-packages/flash_attn/flash_attn_interface.py", line 15, in <module>
    import flash_attn_2_cuda as flash_attn_gpu
ImportError: /remote-home/haohh/anaconda3/envs/vgllm/lib/python3.10/site-packages/flash_attn_2_cuda.cpython-310-x86_64-linux-gnu.so: undefined symbol: _ZN3c105ErrorC2ENS_14SourceLocationENSt7__cxx1112basic_stringIcSt11char_traitsIcESaIcEEE

The above exception was the direct cause of the following exception:

Traceback (most recent call last):
  File "/remote-home/haohh/anaconda3/envs/vgllm/lib/python3.10/runpy.py", line 196, in _run_module_as_main
    return _run_code(code, main_globals, None,
  File "/remote-home/haohh/anaconda3/envs/vgllm/lib/python3.10/runpy.py", line 86, in _run_code
    exec(code, run_globals)
  File "/remote-home/haohh/_cvpr2025/VG-LLM/src/lmms_eval/__main__.py", line 24, in <module>
    from lmms_eval import evaluator, utils
  File "/remote-home/haohh/_cvpr2025/VG-LLM/src/lmms_eval/evaluator.py", line 21, in <module>
    import lmms_eval.api.metrics
  File "/remote-home/haohh/_cvpr2025/VG-LLM/src/lmms_eval/api/metrics.py", line 13, in <module>
    from lmms_eval.api.registry import register_aggregation, register_metric
  File "/remote-home/haohh/_cvpr2025/VG-LLM/src/lmms_eval/api/registry.py", line 3, in <module>
    import evaluate as hf_evaluate
  File "/remote-home/haohh/anaconda3/envs/vgllm/lib/python3.10/site-packages/evaluate/__init__.py", line 29, in <module>
    from .evaluation_suite import EvaluationSuite
  File "/remote-home/haohh/anaconda3/envs/vgllm/lib/python3.10/site-packages/evaluate/evaluation_suite/__init__.py", line 10, in <module>
    from ..evaluator import evaluator
  File "/remote-home/haohh/anaconda3/envs/vgllm/lib/python3.10/site-packages/evaluate/evaluator/__init__.py", line 27, in <module>
    from .audio_classification import AudioClassificationEvaluator
  File "/remote-home/haohh/anaconda3/envs/vgllm/lib/python3.10/site-packages/evaluate/evaluator/audio_classification.py", line 23, in <module>
    from .base import EVALUATOR_COMPUTE_RETURN_DOCSTRING, EVALUTOR_COMPUTE_START_DOCSTRING, Evaluator
  File "/remote-home/haohh/anaconda3/envs/vgllm/lib/python3.10/site-packages/evaluate/evaluator/base.py", line 34, in <module>
    from transformers import Pipeline, pipeline
  File "<frozen importlib._bootstrap>", line 1075, in _handle_fromlist
  File "/remote-home/haohh/anaconda3/envs/vgllm/lib/python3.10/site-packages/transformers/utils/import_utils.py", line 1956, in __getattr__
    module = self._get_module(self._class_to_module[name])
  File "/remote-home/haohh/anaconda3/envs/vgllm/lib/python3.10/site-packages/transformers/utils/import_utils.py", line 1970, in _get_module
    raise RuntimeError(
RuntimeError: Failed to import transformers.pipelines because of the following error (look up to see its traceback):
/remote-home/haohh/anaconda3/envs/vgllm/lib/python3.10/site-packages/flash_attn_2_cuda.cpython-310-x86_64-linux-gnu.so: undefined symbol: _ZN3c105ErrorC2ENS_14SourceLocationENSt7__cxx1112basic_stringIcSt11char_traitsIcESaIcEEE
Traceback (most recent call last):
  File "/remote-home/haohh/anaconda3/envs/vgllm/lib/python3.10/site-packages/transformers/utils/import_utils.py", line 1968, in _get_module
    return importlib.import_module("." + module_name, self.__name__)
  File "/remote-home/haohh/anaconda3/envs/vgllm/lib/python3.10/importlib/__init__.py", line 126, in import_module
    return _bootstrap._gcd_import(name[level:], package, level)
  File "<frozen importlib._bootstrap>", line 1050, in _gcd_import
  File "<frozen importlib._bootstrap>", line 1027, in _find_and_load
  File "<frozen importlib._bootstrap>", line 1006, in _find_and_load_unlocked
  File "<frozen importlib._bootstrap>", line 688, in _load_unlocked
  File "<frozen importlib._bootstrap_external>", line 883, in exec_module
  File "<frozen importlib._bootstrap>", line 241, in _call_with_frames_removed
  File "/remote-home/haohh/anaconda3/envs/vgllm/lib/python3.10/site-packages/transformers/pipelines/__init__.py", line 49, in <module>
    from .audio_classification import AudioClassificationPipeline
  File "/remote-home/haohh/anaconda3/envs/vgllm/lib/python3.10/site-packages/transformers/pipelines/audio_classification.py", line 21, in <module>
    from .base import Pipeline, build_pipeline_init_args
  File "/remote-home/haohh/anaconda3/envs/vgllm/lib/python3.10/site-packages/transformers/pipelines/base.py", line 69, in <module>
    from ..modeling_utils import PreTrainedModel
  File "/remote-home/haohh/anaconda3/envs/vgllm/lib/python3.10/site-packages/transformers/modeling_utils.py", line 54, in <module>
    from .integrations.flash_attention import flash_attention_forward
  File "/remote-home/haohh/anaconda3/envs/vgllm/lib/python3.10/site-packages/transformers/integrations/flash_attention.py", line 5, in <module>
    from ..modeling_flash_attention_utils import _flash_attention_forward
  File "/remote-home/haohh/anaconda3/envs/vgllm/lib/python3.10/site-packages/transformers/modeling_flash_attention_utils.py", line 29, in <module>
    from flash_attn.bert_padding import index_first_axis, pad_input, unpad_input  # noqa
  File "/remote-home/haohh/anaconda3/envs/vgllm/lib/python3.10/site-packages/flash_attn/__init__.py", line 3, in <module>
    from flash_attn.flash_attn_interface import (
  File "/remote-home/haohh/anaconda3/envs/vgllm/lib/python3.10/site-packages/flash_attn/flash_attn_interface.py", line 15, in <module>
    import flash_attn_2_cuda as flash_attn_gpu
ImportError: /remote-home/haohh/anaconda3/envs/vgllm/lib/python3.10/site-packages/flash_attn_2_cuda.cpython-310-x86_64-linux-gnu.so: undefined symbol: _ZN3c105ErrorC2ENS_14SourceLocationENSt7__cxx1112basic_stringIcSt11char_traitsIcESaIcEEE

The above exception was the direct cause of the following exception:

Traceback (most recent call last):
  File "/remote-home/haohh/anaconda3/envs/vgllm/lib/python3.10/runpy.py", line 196, in _run_module_as_main
    return _run_code(code, main_globals, None,
  File "/remote-home/haohh/anaconda3/envs/vgllm/lib/python3.10/runpy.py", line 86, in _run_code
    exec(code, run_globals)
  File "/remote-home/haohh/_cvpr2025/VG-LLM/src/lmms_eval/__main__.py", line 24, in <module>
    from lmms_eval import evaluator, utils
  File "/remote-home/haohh/_cvpr2025/VG-LLM/src/lmms_eval/evaluator.py", line 21, in <module>
    import lmms_eval.api.metrics
  File "/remote-home/haohh/_cvpr2025/VG-LLM/src/lmms_eval/api/metrics.py", line 13, in <module>
    from lmms_eval.api.registry import register_aggregation, register_metric
  File "/remote-home/haohh/_cvpr2025/VG-LLM/src/lmms_eval/api/registry.py", line 3, in <module>
    import evaluate as hf_evaluate
  File "/remote-home/haohh/anaconda3/envs/vgllm/lib/python3.10/site-packages/evaluate/__init__.py", line 29, in <module>
    from .evaluation_suite import EvaluationSuite
  File "/remote-home/haohh/anaconda3/envs/vgllm/lib/python3.10/site-packages/evaluate/evaluation_suite/__init__.py", line 10, in <module>
    from ..evaluator import evaluator
  File "/remote-home/haohh/anaconda3/envs/vgllm/lib/python3.10/site-packages/evaluate/evaluator/__init__.py", line 27, in <module>
    from .audio_classification import AudioClassificationEvaluator
  File "/remote-home/haohh/anaconda3/envs/vgllm/lib/python3.10/site-packages/evaluate/evaluator/audio_classification.py", line 23, in <module>
    from .base import EVALUATOR_COMPUTE_RETURN_DOCSTRING, EVALUTOR_COMPUTE_START_DOCSTRING, Evaluator
  File "/remote-home/haohh/anaconda3/envs/vgllm/lib/python3.10/site-packages/evaluate/evaluator/base.py", line 34, in <module>
    from transformers import Pipeline, pipeline
  File "<frozen importlib._bootstrap>", line 1075, in _handle_fromlist
  File "/remote-home/haohh/anaconda3/envs/vgllm/lib/python3.10/site-packages/transformers/utils/import_utils.py", line 1956, in __getattr__
    module = self._get_module(self._class_to_module[name])
  File "/remote-home/haohh/anaconda3/envs/vgllm/lib/python3.10/site-packages/transformers/utils/import_utils.py", line 1970, in _get_module
    raise RuntimeError(
RuntimeError: Failed to import transformers.pipelines because of the following error (look up to see its traceback):
/remote-home/haohh/anaconda3/envs/vgllm/lib/python3.10/site-packages/flash_attn_2_cuda.cpython-310-x86_64-linux-gnu.so: undefined symbol: _ZN3c105ErrorC2ENS_14SourceLocationENSt7__cxx1112basic_stringIcSt11char_traitsIcESaIcEEE
Traceback (most recent call last):
  File "/remote-home/haohh/anaconda3/envs/vgllm/lib/python3.10/site-packages/transformers/utils/import_utils.py", line 1968, in _get_module
    return importlib.import_module("." + module_name, self.__name__)
  File "/remote-home/haohh/anaconda3/envs/vgllm/lib/python3.10/importlib/__init__.py", line 126, in import_module
    return _bootstrap._gcd_import(name[level:], package, level)
  File "<frozen importlib._bootstrap>", line 1050, in _gcd_import
  File "<frozen importlib._bootstrap>", line 1027, in _find_and_load
  File "<frozen importlib._bootstrap>", line 1006, in _find_and_load_unlocked
  File "<frozen importlib._bootstrap>", line 688, in _load_unlocked
  File "<frozen importlib._bootstrap_external>", line 883, in exec_module
  File "<frozen importlib._bootstrap>", line 241, in _call_with_frames_removed
  File "/remote-home/haohh/anaconda3/envs/vgllm/lib/python3.10/site-packages/transformers/pipelines/__init__.py", line 49, in <module>
    from .audio_classification import AudioClassificationPipeline
  File "/remote-home/haohh/anaconda3/envs/vgllm/lib/python3.10/site-packages/transformers/pipelines/audio_classification.py", line 21, in <module>
    from .base import Pipeline, build_pipeline_init_args
  File "/remote-home/haohh/anaconda3/envs/vgllm/lib/python3.10/site-packages/transformers/pipelines/base.py", line 69, in <module>
    from ..modeling_utils import PreTrainedModel
  File "/remote-home/haohh/anaconda3/envs/vgllm/lib/python3.10/site-packages/transformers/modeling_utils.py", line 54, in <module>
    from .integrations.flash_attention import flash_attention_forward
  File "/remote-home/haohh/anaconda3/envs/vgllm/lib/python3.10/site-packages/transformers/integrations/flash_attention.py", line 5, in <module>
    from ..modeling_flash_attention_utils import _flash_attention_forward
  File "/remote-home/haohh/anaconda3/envs/vgllm/lib/python3.10/site-packages/transformers/modeling_flash_attention_utils.py", line 29, in <module>
    from flash_attn.bert_padding import index_first_axis, pad_input, unpad_input  # noqa
  File "/remote-home/haohh/anaconda3/envs/vgllm/lib/python3.10/site-packages/flash_attn/__init__.py", line 3, in <module>
    from flash_attn.flash_attn_interface import (
  File "/remote-home/haohh/anaconda3/envs/vgllm/lib/python3.10/site-packages/flash_attn/flash_attn_interface.py", line 15, in <module>
    import flash_attn_2_cuda as flash_attn_gpu
ImportError: /remote-home/haohh/anaconda3/envs/vgllm/lib/python3.10/site-packages/flash_attn_2_cuda.cpython-310-x86_64-linux-gnu.so: undefined symbol: _ZN3c105ErrorC2ENS_14SourceLocationENSt7__cxx1112basic_stringIcSt11char_traitsIcESaIcEEE

The above exception was the direct cause of the following exception:

Traceback (most recent call last):
  File "/remote-home/haohh/anaconda3/envs/vgllm/lib/python3.10/runpy.py", line 196, in _run_module_as_main
    return _run_code(code, main_globals, None,
  File "/remote-home/haohh/anaconda3/envs/vgllm/lib/python3.10/runpy.py", line 86, in _run_code
    exec(code, run_globals)
  File "/remote-home/haohh/_cvpr2025/VG-LLM/src/lmms_eval/__main__.py", line 24, in <module>
    from lmms_eval import evaluator, utils
  File "/remote-home/haohh/_cvpr2025/VG-LLM/src/lmms_eval/evaluator.py", line 21, in <module>
    import lmms_eval.api.metrics
  File "/remote-home/haohh/_cvpr2025/VG-LLM/src/lmms_eval/api/metrics.py", line 13, in <module>
    from lmms_eval.api.registry import register_aggregation, register_metric
  File "/remote-home/haohh/_cvpr2025/VG-LLM/src/lmms_eval/api/registry.py", line 3, in <module>
    import evaluate as hf_evaluate
  File "/remote-home/haohh/anaconda3/envs/vgllm/lib/python3.10/site-packages/evaluate/__init__.py", line 29, in <module>
    from .evaluation_suite import EvaluationSuite
  File "/remote-home/haohh/anaconda3/envs/vgllm/lib/python3.10/site-packages/evaluate/evaluation_suite/__init__.py", line 10, in <module>
    from ..evaluator import evaluator
  File "/remote-home/haohh/anaconda3/envs/vgllm/lib/python3.10/site-packages/evaluate/evaluator/__init__.py", line 27, in <module>
    from .audio_classification import AudioClassificationEvaluator
  File "/remote-home/haohh/anaconda3/envs/vgllm/lib/python3.10/site-packages/evaluate/evaluator/audio_classification.py", line 23, in <module>
    from .base import EVALUATOR_COMPUTE_RETURN_DOCSTRING, EVALUTOR_COMPUTE_START_DOCSTRING, Evaluator
  File "/remote-home/haohh/anaconda3/envs/vgllm/lib/python3.10/site-packages/evaluate/evaluator/base.py", line 34, in <module>
    from transformers import Pipeline, pipeline
  File "<frozen importlib._bootstrap>", line 1075, in _handle_fromlist
  File "/remote-home/haohh/anaconda3/envs/vgllm/lib/python3.10/site-packages/transformers/utils/import_utils.py", line 1956, in __getattr__
    module = self._get_module(self._class_to_module[name])
  File "/remote-home/haohh/anaconda3/envs/vgllm/lib/python3.10/site-packages/transformers/utils/import_utils.py", line 1970, in _get_module
    raise RuntimeError(
RuntimeError: Failed to import transformers.pipelines because of the following error (look up to see its traceback):
/remote-home/haohh/anaconda3/envs/vgllm/lib/python3.10/site-packages/flash_attn_2_cuda.cpython-310-x86_64-linux-gnu.so: undefined symbol: _ZN3c105ErrorC2ENS_14SourceLocationENSt7__cxx1112basic_stringIcSt11char_traitsIcESaIcEEE
Traceback (most recent call last):
  File "/remote-home/haohh/anaconda3/envs/vgllm/lib/python3.10/site-packages/transformers/utils/import_utils.py", line 1968, in _get_module
    return importlib.import_module("." + module_name, self.__name__)
  File "/remote-home/haohh/anaconda3/envs/vgllm/lib/python3.10/importlib/__init__.py", line 126, in import_module
    return _bootstrap._gcd_import(name[level:], package, level)
  File "<frozen importlib._bootstrap>", line 1050, in _gcd_import
  File "<frozen importlib._bootstrap>", line 1027, in _find_and_load
  File "<frozen importlib._bootstrap>", line 1006, in _find_and_load_unlocked
  File "<frozen importlib._bootstrap>", line 688, in _load_unlocked
  File "<frozen importlib._bootstrap_external>", line 883, in exec_module
  File "<frozen importlib._bootstrap>", line 241, in _call_with_frames_removed
  File "/remote-home/haohh/anaconda3/envs/vgllm/lib/python3.10/site-packages/transformers/pipelines/__init__.py", line 49, in <module>
    from .audio_classification import AudioClassificationPipeline
  File "/remote-home/haohh/anaconda3/envs/vgllm/lib/python3.10/site-packages/transformers/pipelines/audio_classification.py", line 21, in <module>
    from .base import Pipeline, build_pipeline_init_args
  File "/remote-home/haohh/anaconda3/envs/vgllm/lib/python3.10/site-packages/transformers/pipelines/base.py", line 69, in <module>
    from ..modeling_utils import PreTrainedModel
  File "/remote-home/haohh/anaconda3/envs/vgllm/lib/python3.10/site-packages/transformers/modeling_utils.py", line 54, in <module>
    from .integrations.flash_attention import flash_attention_forward
  File "/remote-home/haohh/anaconda3/envs/vgllm/lib/python3.10/site-packages/transformers/integrations/flash_attention.py", line 5, in <module>
    from ..modeling_flash_attention_utils import _flash_attention_forward
  File "/remote-home/haohh/anaconda3/envs/vgllm/lib/python3.10/site-packages/transformers/modeling_flash_attention_utils.py", line 29, in <module>
    from flash_attn.bert_padding import index_first_axis, pad_input, unpad_input  # noqa
  File "/remote-home/haohh/anaconda3/envs/vgllm/lib/python3.10/site-packages/flash_attn/__init__.py", line 3, in <module>
    from flash_attn.flash_attn_interface import (
  File "/remote-home/haohh/anaconda3/envs/vgllm/lib/python3.10/site-packages/flash_attn/flash_attn_interface.py", line 15, in <module>
    import flash_attn_2_cuda as flash_attn_gpu
ImportError: /remote-home/haohh/anaconda3/envs/vgllm/lib/python3.10/site-packages/flash_attn_2_cuda.cpython-310-x86_64-linux-gnu.so: undefined symbol: _ZN3c105ErrorC2ENS_14SourceLocationENSt7__cxx1112basic_stringIcSt11char_traitsIcESaIcEEE

The above exception was the direct cause of the following exception:

Traceback (most recent call last):
  File "/remote-home/haohh/anaconda3/envs/vgllm/lib/python3.10/runpy.py", line 196, in _run_module_as_main
    return _run_code(code, main_globals, None,
  File "/remote-home/haohh/anaconda3/envs/vgllm/lib/python3.10/runpy.py", line 86, in _run_code
    exec(code, run_globals)
  File "/remote-home/haohh/_cvpr2025/VG-LLM/src/lmms_eval/__main__.py", line 24, in <module>
    from lmms_eval import evaluator, utils
  File "/remote-home/haohh/_cvpr2025/VG-LLM/src/lmms_eval/evaluator.py", line 21, in <module>
    import lmms_eval.api.metrics
  File "/remote-home/haohh/_cvpr2025/VG-LLM/src/lmms_eval/api/metrics.py", line 13, in <module>
    from lmms_eval.api.registry import register_aggregation, register_metric
  File "/remote-home/haohh/_cvpr2025/VG-LLM/src/lmms_eval/api/registry.py", line 3, in <module>
    import evaluate as hf_evaluate
  File "/remote-home/haohh/anaconda3/envs/vgllm/lib/python3.10/site-packages/evaluate/__init__.py", line 29, in <module>
    from .evaluation_suite import EvaluationSuite
  File "/remote-home/haohh/anaconda3/envs/vgllm/lib/python3.10/site-packages/evaluate/evaluation_suite/__init__.py", line 10, in <module>
    from ..evaluator import evaluator
  File "/remote-home/haohh/anaconda3/envs/vgllm/lib/python3.10/site-packages/evaluate/evaluator/__init__.py", line 27, in <module>
    from .audio_classification import AudioClassificationEvaluator
  File "/remote-home/haohh/anaconda3/envs/vgllm/lib/python3.10/site-packages/evaluate/evaluator/audio_classification.py", line 23, in <module>
    from .base import EVALUATOR_COMPUTE_RETURN_DOCSTRING, EVALUTOR_COMPUTE_START_DOCSTRING, Evaluator
  File "/remote-home/haohh/anaconda3/envs/vgllm/lib/python3.10/site-packages/evaluate/evaluator/base.py", line 34, in <module>
    from transformers import Pipeline, pipeline
  File "<frozen importlib._bootstrap>", line 1075, in _handle_fromlist
  File "/remote-home/haohh/anaconda3/envs/vgllm/lib/python3.10/site-packages/transformers/utils/import_utils.py", line 1956, in __getattr__
    module = self._get_module(self._class_to_module[name])
  File "/remote-home/haohh/anaconda3/envs/vgllm/lib/python3.10/site-packages/transformers/utils/import_utils.py", line 1970, in _get_module
    raise RuntimeError(
RuntimeError: Failed to import transformers.pipelines because of the following error (look up to see its traceback):
/remote-home/haohh/anaconda3/envs/vgllm/lib/python3.10/site-packages/flash_attn_2_cuda.cpython-310-x86_64-linux-gnu.so: undefined symbol: _ZN3c105ErrorC2ENS_14SourceLocationENSt7__cxx1112basic_stringIcSt11char_traitsIcESaIcEEE
Traceback (most recent call last):
  File "/remote-home/haohh/anaconda3/envs/vgllm/lib/python3.10/site-packages/transformers/utils/import_utils.py", line 1968, in _get_module
    return importlib.import_module("." + module_name, self.__name__)
  File "/remote-home/haohh/anaconda3/envs/vgllm/lib/python3.10/importlib/__init__.py", line 126, in import_module
    return _bootstrap._gcd_import(name[level:], package, level)
  File "<frozen importlib._bootstrap>", line 1050, in _gcd_import
  File "<frozen importlib._bootstrap>", line 1027, in _find_and_load
  File "<frozen importlib._bootstrap>", line 1006, in _find_and_load_unlocked
  File "<frozen importlib._bootstrap>", line 688, in _load_unlocked
  File "<frozen importlib._bootstrap_external>", line 883, in exec_module
  File "<frozen importlib._bootstrap>", line 241, in _call_with_frames_removed
  File "/remote-home/haohh/anaconda3/envs/vgllm/lib/python3.10/site-packages/transformers/pipelines/__init__.py", line 49, in <module>
    from .audio_classification import AudioClassificationPipeline
  File "/remote-home/haohh/anaconda3/envs/vgllm/lib/python3.10/site-packages/transformers/pipelines/audio_classification.py", line 21, in <module>
    from .base import Pipeline, build_pipeline_init_args
  File "/remote-home/haohh/anaconda3/envs/vgllm/lib/python3.10/site-packages/transformers/pipelines/base.py", line 69, in <module>
    from ..modeling_utils import PreTrainedModel
  File "/remote-home/haohh/anaconda3/envs/vgllm/lib/python3.10/site-packages/transformers/modeling_utils.py", line 54, in <module>
    from .integrations.flash_attention import flash_attention_forward
  File "/remote-home/haohh/anaconda3/envs/vgllm/lib/python3.10/site-packages/transformers/integrations/flash_attention.py", line 5, in <module>
    from ..modeling_flash_attention_utils import _flash_attention_forward
  File "/remote-home/haohh/anaconda3/envs/vgllm/lib/python3.10/site-packages/transformers/modeling_flash_attention_utils.py", line 29, in <module>
    from flash_attn.bert_padding import index_first_axis, pad_input, unpad_input  # noqa
  File "/remote-home/haohh/anaconda3/envs/vgllm/lib/python3.10/site-packages/flash_attn/__init__.py", line 3, in <module>
    from flash_attn.flash_attn_interface import (
  File "/remote-home/haohh/anaconda3/envs/vgllm/lib/python3.10/site-packages/flash_attn/flash_attn_interface.py", line 15, in <module>
    import flash_attn_2_cuda as flash_attn_gpu
ImportError: /remote-home/haohh/anaconda3/envs/vgllm/lib/python3.10/site-packages/flash_attn_2_cuda.cpython-310-x86_64-linux-gnu.so: undefined symbol: _ZN3c105ErrorC2ENS_14SourceLocationENSt7__cxx1112basic_stringIcSt11char_traitsIcESaIcEEE

The above exception was the direct cause of the following exception:

Traceback (most recent call last):
  File "/remote-home/haohh/anaconda3/envs/vgllm/lib/python3.10/runpy.py", line 196, in _run_module_as_main
    return _run_code(code, main_globals, None,
  File "/remote-home/haohh/anaconda3/envs/vgllm/lib/python3.10/runpy.py", line 86, in _run_code
    exec(code, run_globals)
  File "/remote-home/haohh/_cvpr2025/VG-LLM/src/lmms_eval/__main__.py", line 24, in <module>
    from lmms_eval import evaluator, utils
  File "/remote-home/haohh/_cvpr2025/VG-LLM/src/lmms_eval/evaluator.py", line 21, in <module>
    import lmms_eval.api.metrics
  File "/remote-home/haohh/_cvpr2025/VG-LLM/src/lmms_eval/api/metrics.py", line 13, in <module>
    from lmms_eval.api.registry import register_aggregation, register_metric
  File "/remote-home/haohh/_cvpr2025/VG-LLM/src/lmms_eval/api/registry.py", line 3, in <module>
    import evaluate as hf_evaluate
  File "/remote-home/haohh/anaconda3/envs/vgllm/lib/python3.10/site-packages/evaluate/__init__.py", line 29, in <module>
    from .evaluation_suite import EvaluationSuite
  File "/remote-home/haohh/anaconda3/envs/vgllm/lib/python3.10/site-packages/evaluate/evaluation_suite/__init__.py", line 10, in <module>
    from ..evaluator import evaluator
  File "/remote-home/haohh/anaconda3/envs/vgllm/lib/python3.10/site-packages/evaluate/evaluator/__init__.py", line 27, in <module>
    from .audio_classification import AudioClassificationEvaluator
  File "/remote-home/haohh/anaconda3/envs/vgllm/lib/python3.10/site-packages/evaluate/evaluator/audio_classification.py", line 23, in <module>
    from .base import EVALUATOR_COMPUTE_RETURN_DOCSTRING, EVALUTOR_COMPUTE_START_DOCSTRING, Evaluator
  File "/remote-home/haohh/anaconda3/envs/vgllm/lib/python3.10/site-packages/evaluate/evaluator/base.py", line 34, in <module>
    from transformers import Pipeline, pipeline
  File "<frozen importlib._bootstrap>", line 1075, in _handle_fromlist
  File "/remote-home/haohh/anaconda3/envs/vgllm/lib/python3.10/site-packages/transformers/utils/import_utils.py", line 1956, in __getattr__
    module = self._get_module(self._class_to_module[name])
  File "/remote-home/haohh/anaconda3/envs/vgllm/lib/python3.10/site-packages/transformers/utils/import_utils.py", line 1970, in _get_module
    raise RuntimeError(
RuntimeError: Failed to import transformers.pipelines because of the following error (look up to see its traceback):
/remote-home/haohh/anaconda3/envs/vgllm/lib/python3.10/site-packages/flash_attn_2_cuda.cpython-310-x86_64-linux-gnu.so: undefined symbol: _ZN3c105ErrorC2ENS_14SourceLocationENSt7__cxx1112basic_stringIcSt11char_traitsIcESaIcEEE
Traceback (most recent call last):
  File "/remote-home/haohh/anaconda3/envs/vgllm/lib/python3.10/site-packages/transformers/utils/import_utils.py", line 1968, in _get_module
    return importlib.import_module("." + module_name, self.__name__)
  File "/remote-home/haohh/anaconda3/envs/vgllm/lib/python3.10/importlib/__init__.py", line 126, in import_module
    return _bootstrap._gcd_import(name[level:], package, level)
  File "<frozen importlib._bootstrap>", line 1050, in _gcd_import
  File "<frozen importlib._bootstrap>", line 1027, in _find_and_load
  File "<frozen importlib._bootstrap>", line 1006, in _find_and_load_unlocked
  File "<frozen importlib._bootstrap>", line 688, in _load_unlocked
  File "<frozen importlib._bootstrap_external>", line 883, in exec_module
  File "<frozen importlib._bootstrap>", line 241, in _call_with_frames_removed
  File "/remote-home/haohh/anaconda3/envs/vgllm/lib/python3.10/site-packages/transformers/pipelines/__init__.py", line 49, in <module>
    from .audio_classification import AudioClassificationPipeline
  File "/remote-home/haohh/anaconda3/envs/vgllm/lib/python3.10/site-packages/transformers/pipelines/audio_classification.py", line 21, in <module>
    from .base import Pipeline, build_pipeline_init_args
  File "/remote-home/haohh/anaconda3/envs/vgllm/lib/python3.10/site-packages/transformers/pipelines/base.py", line 69, in <module>
    from ..modeling_utils import PreTrainedModel
  File "/remote-home/haohh/anaconda3/envs/vgllm/lib/python3.10/site-packages/transformers/modeling_utils.py", line 54, in <module>
    from .integrations.flash_attention import flash_attention_forward
  File "/remote-home/haohh/anaconda3/envs/vgllm/lib/python3.10/site-packages/transformers/integrations/flash_attention.py", line 5, in <module>
    from ..modeling_flash_attention_utils import _flash_attention_forward
  File "/remote-home/haohh/anaconda3/envs/vgllm/lib/python3.10/site-packages/transformers/modeling_flash_attention_utils.py", line 29, in <module>
    from flash_attn.bert_padding import index_first_axis, pad_input, unpad_input  # noqa
  File "/remote-home/haohh/anaconda3/envs/vgllm/lib/python3.10/site-packages/flash_attn/__init__.py", line 3, in <module>
    from flash_attn.flash_attn_interface import (
  File "/remote-home/haohh/anaconda3/envs/vgllm/lib/python3.10/site-packages/flash_attn/flash_attn_interface.py", line 15, in <module>
    import flash_attn_2_cuda as flash_attn_gpu
ImportError: /remote-home/haohh/anaconda3/envs/vgllm/lib/python3.10/site-packages/flash_attn_2_cuda.cpython-310-x86_64-linux-gnu.so: undefined symbol: _ZN3c105ErrorC2ENS_14SourceLocationENSt7__cxx1112basic_stringIcSt11char_traitsIcESaIcEEE

The above exception was the direct cause of the following exception:

Traceback (most recent call last):
  File "/remote-home/haohh/anaconda3/envs/vgllm/lib/python3.10/runpy.py", line 196, in _run_module_as_main
    return _run_code(code, main_globals, None,
  File "/remote-home/haohh/anaconda3/envs/vgllm/lib/python3.10/runpy.py", line 86, in _run_code
    exec(code, run_globals)
  File "/remote-home/haohh/_cvpr2025/VG-LLM/src/lmms_eval/__main__.py", line 24, in <module>
    from lmms_eval import evaluator, utils
  File "/remote-home/haohh/_cvpr2025/VG-LLM/src/lmms_eval/evaluator.py", line 21, in <module>
    import lmms_eval.api.metrics
  File "/remote-home/haohh/_cvpr2025/VG-LLM/src/lmms_eval/api/metrics.py", line 13, in <module>
    from lmms_eval.api.registry import register_aggregation, register_metric
  File "/remote-home/haohh/_cvpr2025/VG-LLM/src/lmms_eval/api/registry.py", line 3, in <module>
    import evaluate as hf_evaluate
  File "/remote-home/haohh/anaconda3/envs/vgllm/lib/python3.10/site-packages/evaluate/__init__.py", line 29, in <module>
    from .evaluation_suite import EvaluationSuite
  File "/remote-home/haohh/anaconda3/envs/vgllm/lib/python3.10/site-packages/evaluate/evaluation_suite/__init__.py", line 10, in <module>
    from ..evaluator import evaluator
  File "/remote-home/haohh/anaconda3/envs/vgllm/lib/python3.10/site-packages/evaluate/evaluator/__init__.py", line 27, in <module>
    from .audio_classification import AudioClassificationEvaluator
  File "/remote-home/haohh/anaconda3/envs/vgllm/lib/python3.10/site-packages/evaluate/evaluator/audio_classification.py", line 23, in <module>
    from .base import EVALUATOR_COMPUTE_RETURN_DOCSTRING, EVALUTOR_COMPUTE_START_DOCSTRING, Evaluator
  File "/remote-home/haohh/anaconda3/envs/vgllm/lib/python3.10/site-packages/evaluate/evaluator/base.py", line 34, in <module>
    from transformers import Pipeline, pipeline
  File "<frozen importlib._bootstrap>", line 1075, in _handle_fromlist
  File "/remote-home/haohh/anaconda3/envs/vgllm/lib/python3.10/site-packages/transformers/utils/import_utils.py", line 1956, in __getattr__
    module = self._get_module(self._class_to_module[name])
  File "/remote-home/haohh/anaconda3/envs/vgllm/lib/python3.10/site-packages/transformers/utils/import_utils.py", line 1970, in _get_module
    raise RuntimeError(
RuntimeError: Failed to import transformers.pipelines because of the following error (look up to see its traceback):
/remote-home/haohh/anaconda3/envs/vgllm/lib/python3.10/site-packages/flash_attn_2_cuda.cpython-310-x86_64-linux-gnu.so: undefined symbol: _ZN3c105ErrorC2ENS_14SourceLocationENSt7__cxx1112basic_stringIcSt11char_traitsIcESaIcEEE
W1029 08:50:01.596000 3248 site-packages/torch/distributed/elastic/multiprocessing/api.py:897] Sending process 3481 closing signal SIGTERM
E1029 08:50:01.632000 3248 site-packages/torch/distributed/elastic/multiprocessing/api.py:869] failed (exitcode: 1) local_rank: 0 (pid: 3474) of binary: /remote-home/haohh/anaconda3/envs/vgllm/bin/python3.10
Traceback (most recent call last):
  File "/remote-home/haohh/anaconda3/envs/vgllm/bin/accelerate", line 7, in <module>
    sys.exit(main())
  File "/remote-home/haohh/anaconda3/envs/vgllm/lib/python3.10/site-packages/accelerate/commands/accelerate_cli.py", line 48, in main
    args.func(args)
  File "/remote-home/haohh/anaconda3/envs/vgllm/lib/python3.10/site-packages/accelerate/commands/launch.py", line 1190, in launch_command
    multi_gpu_launcher(args)
  File "/remote-home/haohh/anaconda3/envs/vgllm/lib/python3.10/site-packages/accelerate/commands/launch.py", line 808, in multi_gpu_launcher
    distrib_run.run(args)
  File "/remote-home/haohh/anaconda3/envs/vgllm/lib/python3.10/site-packages/torch/distributed/run.py", line 910, in run
    elastic_launch(
  File "/remote-home/haohh/anaconda3/envs/vgllm/lib/python3.10/site-packages/torch/distributed/launcher/api.py", line 138, in __call__
    return launch_agent(self._config, self._entrypoint, list(args))
  File "/remote-home/haohh/anaconda3/envs/vgllm/lib/python3.10/site-packages/torch/distributed/launcher/api.py", line 269, in launch_agent
    raise ChildFailedError(
torch.distributed.elastic.multiprocessing.errors.ChildFailedError: 
============================================================
lmms_eval FAILED
------------------------------------------------------------
Failures:
[1]:
  time      : 2025-10-29_08:50:01
  host      : 74f035832017
  rank      : 1 (local_rank: 1)
  exitcode  : 1 (pid: 3475)
  error_file: <N/A>
  traceback : To enable traceback see: https://pytorch.org/docs/stable/elastic/errors.html
[2]:
  time      : 2025-10-29_08:50:01
  host      : 74f035832017
  rank      : 2 (local_rank: 2)
  exitcode  : 1 (pid: 3476)
  error_file: <N/A>
  traceback : To enable traceback see: https://pytorch.org/docs/stable/elastic/errors.html
[3]:
  time      : 2025-10-29_08:50:01
  host      : 74f035832017
  rank      : 3 (local_rank: 3)
  exitcode  : 1 (pid: 3477)
  error_file: <N/A>
  traceback : To enable traceback see: https://pytorch.org/docs/stable/elastic/errors.html
[4]:
  time      : 2025-10-29_08:50:01
  host      : 74f035832017
  rank      : 4 (local_rank: 4)
  exitcode  : 1 (pid: 3478)
  error_file: <N/A>
  traceback : To enable traceback see: https://pytorch.org/docs/stable/elastic/errors.html
[5]:
  time      : 2025-10-29_08:50:01
  host      : 74f035832017
  rank      : 5 (local_rank: 5)
  exitcode  : 1 (pid: 3479)
  error_file: <N/A>
  traceback : To enable traceback see: https://pytorch.org/docs/stable/elastic/errors.html
[6]:
  time      : 2025-10-29_08:50:01
  host      : 74f035832017
  rank      : 6 (local_rank: 6)
  exitcode  : 1 (pid: 3480)
  error_file: <N/A>
  traceback : To enable traceback see: https://pytorch.org/docs/stable/elastic/errors.html
------------------------------------------------------------
Root Cause (first observed failure):
[0]:
  time      : 2025-10-29_08:50:01
  host      : 74f035832017
  rank      : 0 (local_rank: 0)
  exitcode  : 1 (pid: 3474)
  error_file: <N/A>
  traceback : To enable traceback see: https://pytorch.org/docs/stable/elastic/errors.html
============================================================
